[debug] [2021-02-24T09:58:18.878Z] ----------------------------------------------------------------------
[debug] [2021-02-24T09:58:18.880Z] Command:       C:\Program Files\nodejs\node.exe C:\Users\gnldl\AppData\Roaming\npm\node_modules\firebase-tools\lib\bin\firebase.js init
[debug] [2021-02-24T09:58:18.881Z] CLI Version:   9.5.0
[debug] [2021-02-24T09:58:18.881Z] Platform:      win32
[debug] [2021-02-24T09:58:18.881Z] Node Version:  v14.15.4
[debug] [2021-02-24T09:58:18.884Z] Time:          Wed Feb 24 2021 18:58:18 GMT+0900 (대한민국 표준시)
[debug] [2021-02-24T09:58:18.885Z] ----------------------------------------------------------------------
[debug] [2021-02-24T09:58:18.885Z] 
[debug] [2021-02-24T09:58:18.892Z] > command requires scopes: ["email","openid","https://www.googleapis.com/auth/cloudplatformprojects.readonly","https://www.googleapis.com/auth/firebase","https://www.googleapis.com/auth/cloud-platform"]
[debug] [2021-02-24T09:58:18.893Z] > authorizing via signed-in user
[info] 
     ######## #### ########  ######## ########     ###     ######  ########
     ##        ##  ##     ## ##       ##     ##  ##   ##  ##       ##
     ######    ##  ########  ######   ########  #########  ######  ######
     ##        ##  ##    ##  ##       ##     ## ##     ##       ## ##
     ##       #### ##     ## ######## ########  ##     ##  ######  ########

You're about to initialize a Firebase project in this directory:

  C:\Users\gnldl\programming\photo-web-with-react

[debug] [2021-02-24T12:20:28.019Z] ----------------------------------------------------------------------
[debug] [2021-02-24T12:20:28.021Z] Command:       C:\Program Files\nodejs\node.exe C:\Users\gnldl\AppData\Roaming\npm\node_modules\firebase-tools\lib\bin\firebase.js init
[debug] [2021-02-24T12:20:28.022Z] CLI Version:   9.5.0
[debug] [2021-02-24T12:20:28.022Z] Platform:      win32
[debug] [2021-02-24T12:20:28.022Z] Node Version:  v14.15.4
[debug] [2021-02-24T12:20:28.023Z] Time:          Wed Feb 24 2021 21:20:28 GMT+0900 (대한민국 표준시)
[debug] [2021-02-24T12:20:28.023Z] ----------------------------------------------------------------------
[debug] [2021-02-24T12:20:28.023Z] 
[debug] [2021-02-24T12:20:28.031Z] > command requires scopes: ["email","openid","https://www.googleapis.com/auth/cloudplatformprojects.readonly","https://www.googleapis.com/auth/firebase","https://www.googleapis.com/auth/cloud-platform"]
[debug] [2021-02-24T12:20:28.031Z] > authorizing via signed-in user
[info] 
     ######## #### ########  ######## ########     ###     ######  ########
     ##        ##  ##     ## ##       ##     ##  ##   ##  ##       ##
     ######    ##  ########  ######   ########  #########  ######  ######
     ##        ##  ##    ##  ##       ##     ## ##     ##       ## ##
     ##       #### ##     ## ######## ########  ##     ##  ######  ########

You're about to initialize a Firebase project in this directory:

  C:\Users\gnldl\programming\photo-web-with-react

